<?xml version="1.0" encoding="UTF-8"?>
<!-- Generated by org.testng.reporters.JUnitXMLReporter -->
<testsuite ignored="0" hostname="Binals-MacBook-Air.local" failures="0" tests="3" name="Default test" time="26.982" errors="0" timestamp="01 Nov 2024 22:12:49 GMT">
  <testcase classname="testCases.DealsPageTest" name="verifyDealsPageTitleTest" time="3.026"/>
  <testcase classname="testCases.DealsPageTest" name="verifyDealsTest" time="2.399"/>
  <testcase classname="testCases.DealsPageTest" name="verifySearchBox" time="0.972"/>
</testsuite> <!-- Default test -->
