<?xml version="1.0" encoding="UTF-8"?>
<!-- Generated by org.testng.reporters.JUnitXMLReporter -->
<testsuite ignored="0" hostname="Binals-MacBook-Air.local" failures="0" tests="10" name="Test" time="109.568" errors="0" timestamp="01 Nov 2024 22:46:30 GMT">
  <testcase classname="testCases.HomePageTest" name="verifyHomePageTitleTest" time="0.011"/>
  <testcase classname="testCases.HomePageTest" name="verifyUsernameTest" time="9.349"/>
  <testcase classname="testCases.HomePageTest" name="writeInSearchBoxTest" time="1.672"/>
  <testcase classname="testCases.HelpAndContactsPageTest" name="searchBoxAndSearchBtnTest" time="21.189"/>
  <testcase classname="testCases.HelpAndContactsPageTest" name="verifyCustomerServiceTitleTest" time="0.027"/>
  <testcase classname="testCases.HelpAndContactsPageTest" name="verifyebayLogoTest" time="2.023"/>
  <testcase classname="testCases.HelpAndContactsPageTest" name="verifysrTitleTest" time="0.018"/>
  <testcase classname="testCases.DealsPageTest" name="verifyDealsPageTitleTest" time="3.026"/>
  <testcase classname="testCases.DealsPageTest" name="verifyDealsTest" time="2.371"/>
  <testcase classname="testCases.DealsPageTest" name="verifySearchBox" time="1.051"/>
</testsuite> <!-- Test -->
